shard_size = 0 shard_count = 0
Seeding random numbers with system clock 
name: case value: true
Data::m_score_type BLEU
Data::Scorer type from Scorer: BLEU
Loading Data from: run1.scores.dat and run1.features.dat
loading feature data from run1.features.dat
loading score data from run1.scores.dat
Loading Data from: run2.scores.dat and run2.features.dat
loading feature data from run2.features.dat
loading score data from run2.scores.dat
Loading Data from: run3.scores.dat and run3.features.dat
loading feature data from run3.features.dat
loading score data from run3.scores.dat
Loading Data from: run4.scores.dat and run4.features.dat
loading feature data from run4.features.dat
loading score data from run4.scores.dat
Loading Data from: run5.scores.dat and run5.features.dat
loading feature data from run5.features.dat
loading score data from run5.scores.dat
Data loaded : [Wall 0.651636 CPU 0.631383] seconds.
Creating a pool of 1 threads
Best point: 0.0681943 0.0800353 0.055185 0.0340385 -0.0226507 0.14157 0.0265214 0.09108 -0.209937 0.0921015 0.0459833 0.0561859 0.0394889 0.0370287  => 0.180478
Stopping... : [Wall 52.7108 CPU 52.689] seconds.
